<?xml version="1.0" encoding="UTF-8"?>
<!-- Generated by org.testng.reporters.JUnitXMLReporter -->
<testsuite hostname="bharath_pc" ignored="0" name="Test" tests="3" failures="1" timestamp="31 Oct 2019 08:36:56 GMT" time="34.102" errors="0">
  <testcase name="validateLoginPageLogo" time="0.231" classname="com.freecrm.qa.tests.LoginPageTest"/>
  <testcase name="validateLoginPageTitle" time="0.032" classname="com.freecrm.qa.tests.LoginPageTest">
    <failure type="java.lang.AssertionError" message="expected [CRMPRO - CRM software for customer relationship management, sales, and suppor] but found [CRMPRO - CRM software for customer relationship management, sales, and support.]">
      <![CDATA[java.lang.AssertionError: expected [CRMPRO - CRM software for customer relationship management, sales, and suppor] but found [CRMPRO - CRM software for customer relationship management, sales, and support.]
	at com.freecrm.qa.tests.LoginPageTest.validateLoginPageTitle(LoginPageTest.java:59)
... Removed 31 stack frames]]>
    </failure>
  </testcase> <!-- validateLoginPageTitle -->
  <testcase name="validateLogin" time="6.946" classname="com.freecrm.qa.tests.LoginPageTest"/>
</testsuite> <!-- Test -->
